<?xml version="1.0" encoding="UTF-8"?>
<!-- Generated by org.testng.reporters.JUnitReportReporter -->
<testsuite hostname="LAPTOP-RLFKP795" failures="0" tests="1" name="testCases.TC001_AccountRegistrationTest" time="3.621" errors="0" timestamp="2024-09-18T11:35:01 CDT" skipped="0">
  <testcase classname="testCases.TC001_AccountRegistrationTest" name="account_registration" time="3.621"/>
</testsuite> <!-- testCases.TC001_AccountRegistrationTest -->
