<?xml version="1.0" encoding="UTF-8"?>
<!-- Generated by org.testng.reporters.JUnitReportReporter -->
<testsuite hostname="LAPTOP-RLFKP795" failures="0" tests="1" name="testCases.TC002_LoginTest" time="4.337" errors="0" timestamp="2024-09-20T17:52:45 CDT" skipped="0">
  <testcase classname="testCases.TC002_LoginTest" name="user_Login" time="4.337"/>
</testsuite> <!-- testCases.TC002_LoginTest -->
